#-----------------------------------------------------------
# Vivado v2019.1 (64-bit)
# SW Build 2552052 on Fri May 24 14:49:42 MDT 2019
# IP Build 2548770 on Fri May 24 18:01:18 MDT 2019
# Start of session at: Sun Dec  5 19:57:11 2021
# Process ID: 14372
# Current directory: C:/Users/OAkun/Documents/GitHub/SystemVerilogExamples/Code/SequenceDetectorInterface
# Command line: vivado.exe -gui_launcher_event rodinguilauncherevent20796 C:\Users\OAkun\Documents\GitHub\SystemVerilogExamples\Code\SequenceDetectorInterface\project_1.xpr
# Log file: C:/Users/OAkun/Documents/GitHub/SystemVerilogExamples/Code/SequenceDetectorInterface/vivado.log
# Journal file: C:/Users/OAkun/Documents/GitHub/SystemVerilogExamples/Code/SequenceDetectorInterface\vivado.jou
#-----------------------------------------------------------
start_gui
open_project C:/Users/OAkun/Documents/GitHub/SystemVerilogExamples/Code/SequenceDetectorInterface/project_1.xpr
INFO: [ProjectBase 1-489] The host OS only allows 260 characters in a normal path. The project is stored in a path with more than 80 characters. If you experience issues with IP, Block Designs, or files not being found, please consider moving the project to a location with a shorter path. Alternately consider using the OS subst command to map part of the path to a drive letter.
Current project path is 'C:/Users/OAkun/Documents/GitHub/SystemVerilogExamples/Code/SequenceDetectorInterface'
INFO: [Project 1-313] Project file moved from 'C:/Users/OAkun/Documents/GitHub/SystemVerilogExamples/Code/SequenceDetector' since last save.
Scanning sources...
Finished scanning sources
INFO: [IP_Flow 19-234] Refreshing IP repositories
INFO: [IP_Flow 19-1704] No user IP repositories specified
INFO: [IP_Flow 19-2313] Loaded Vivado IP repository 'C:/Xilinx/Vivado/2019.1/data/ip'.
open_project: Time (s): cpu = 00:00:18 ; elapsed = 00:00:10 . Memory (MB): peak = 880.453 ; gain = 236.598
update_compile_order -fileset sources_1
