#-----------------------------------------------------------
# Vivado v2019.1 (64-bit)
# SW Build 2552052 on Fri May 24 14:49:42 MDT 2019
# IP Build 2548770 on Fri May 24 18:01:18 MDT 2019
# Start of session at: Wed Nov 24 20:14:27 2021
# Process ID: 4668
# Current directory: C:/Users/OAkun/Documents/GitHub/SystemVerilogExamples/Code/SequenceDetectorMealy
# Command line: vivado.exe -gui_launcher_event rodinguilauncherevent11508 C:\Users\OAkun\Documents\GitHub\SystemVerilogExamples\Code\SequenceDetectorMealy\SequenceDetectorMealy.xpr
# Log file: C:/Users/OAkun/Documents/GitHub/SystemVerilogExamples/Code/SequenceDetectorMealy/vivado.log
# Journal file: C:/Users/OAkun/Documents/GitHub/SystemVerilogExamples/Code/SequenceDetectorMealy\vivado.jou
#-----------------------------------------------------------
start_gui
open_project C:/Users/OAkun/Documents/GitHub/SystemVerilogExamples/Code/SequenceDetectorMealy/SequenceDetectorMealy.xpr
Scanning sources...
Finished scanning sources
INFO: [IP_Flow 19-234] Refreshing IP repositories
INFO: [IP_Flow 19-1704] No user IP repositories specified
INFO: [IP_Flow 19-2313] Loaded Vivado IP repository 'C:/Xilinx/Vivado/2019.1/data/ip'.
open_project: Time (s): cpu = 00:00:17 ; elapsed = 00:00:11 . Memory (MB): peak = 823.469 ; gain = 197.828
update_compile_order -fileset sources_1
launch_runs impl_1 -to_step write_bitstream -jobs 4
[Wed Nov 24 20:57:14 2021] Launched synth_1...
Run output will be captured here: C:/Users/OAkun/Documents/GitHub/SystemVerilogExamples/Code/SequenceDetectorMealy/SequenceDetectorMealy.runs/synth_1/runme.log
[Wed Nov 24 20:57:14 2021] Launched impl_1...
Run output will be captured here: C:/Users/OAkun/Documents/GitHub/SystemVerilogExamples/Code/SequenceDetectorMealy/SequenceDetectorMealy.runs/impl_1/runme.log
reset_run synth_1
WARNING: [Vivado 12-1017] Problems encountered:
1. PID not specified

launch_runs impl_1 -to_step write_bitstream -jobs 4
[Wed Nov 24 20:57:56 2021] Launched synth_1...
Run output will be captured here: C:/Users/OAkun/Documents/GitHub/SystemVerilogExamples/Code/SequenceDetectorMealy/SequenceDetectorMealy.runs/synth_1/runme.log
[Wed Nov 24 20:57:56 2021] Launched impl_1...
Run output will be captured here: C:/Users/OAkun/Documents/GitHub/SystemVerilogExamples/Code/SequenceDetectorMealy/SequenceDetectorMealy.runs/impl_1/runme.log
file mkdir C:/Users/OAkun/Documents/GitHub/SystemVerilogExamples/Code/SequenceDetectorMealy/SequenceDetectorMealy.srcs/constrs_1
file mkdir C:/Users/OAkun/Documents/GitHub/SystemVerilogExamples/Code/SequenceDetectorMealy/SequenceDetectorMealy.srcs/constrs_1/new
close [ open C:/Users/OAkun/Documents/GitHub/SystemVerilogExamples/Code/SequenceDetectorMealy/SequenceDetectorMealy.srcs/constrs_1/new/NEXYS4DDR.xdc w ]
add_files -fileset constrs_1 C:/Users/OAkun/Documents/GitHub/SystemVerilogExamples/Code/SequenceDetectorMealy/SequenceDetectorMealy.srcs/constrs_1/new/NEXYS4DDR.xdc
reset_run synth_1
launch_runs impl_1 -to_step write_bitstream -jobs 4
[Wed Nov 24 21:02:17 2021] Launched synth_1...
Run output will be captured here: C:/Users/OAkun/Documents/GitHub/SystemVerilogExamples/Code/SequenceDetectorMealy/SequenceDetectorMealy.runs/synth_1/runme.log
[Wed Nov 24 21:02:17 2021] Launched impl_1...
Run output will be captured here: C:/Users/OAkun/Documents/GitHub/SystemVerilogExamples/Code/SequenceDetectorMealy/SequenceDetectorMealy.runs/impl_1/runme.log
open_hw
connect_hw_server -url localhost:3121
INFO: [Labtools 27-2285] Connecting to hw_server url TCP:localhost:3121
INFO: [Labtools 27-2222] Launching hw_server...
INFO: [Labtools 27-2221] Launch Output:

****** Xilinx hw_server v2019.1
  **** Build date : May 24 2019 at 15:13:31
    ** Copyright 1986-2019 Xilinx, Inc. All Rights Reserved.


current_hw_target [get_hw_targets */xilinx_tcf/Digilent/210292A8AD8EA]
set_property PARAM.FREQUENCY 15000000 [get_hw_targets */xilinx_tcf/Digilent/210292A8AD8EA]
open_hw_target
INFO: [Labtoolstcl 44-466] Opening hw_target localhost:3121/xilinx_tcf/Digilent/210292A8AD8EA
open_hw_target: Time (s): cpu = 00:00:05 ; elapsed = 00:00:05 . Memory (MB): peak = 2040.895 ; gain = 1108.477
set_property PROGRAM.FILE {C:/Users/OAkun/Documents/GitHub/SystemVerilogExamples/Code/SequenceDetectorMealy/SequenceDetectorMealy.runs/impl_1/SequenceDetectorTop.bit} [get_hw_devices xc7a100t_0]
current_hw_device [get_hw_devices xc7a100t_0]
refresh_hw_device -update_hw_probes false [lindex [get_hw_devices xc7a100t_0] 0]
INFO: [Labtools 27-1435] Device xc7a100t (JTAG device index = 0) is not programmed (DONE status = 0).
set_property PROBES.FILE {} [get_hw_devices xc7a100t_0]
set_property FULL_PROBES.FILE {} [get_hw_devices xc7a100t_0]
set_property PROGRAM.FILE {C:/Users/OAkun/Documents/GitHub/SystemVerilogExamples/Code/SequenceDetectorMealy/SequenceDetectorMealy.runs/impl_1/SequenceDetectorTop.bit} [get_hw_devices xc7a100t_0]
program_hw_devices [get_hw_devices xc7a100t_0]
INFO: [Labtools 27-3164] End of startup status: HIGH
refresh_hw_device [lindex [get_hw_devices xc7a100t_0] 0]
INFO: [Labtools 27-1434] Device xc7a100t (JTAG device index = 0) is programmed with a design that has no supported debug core(s) in it.
