FSM 1 : VALID TRANSITION GRAPH

001 : STATE IS REACHABLE FROM OUTSIDE.

   OUTGOING TRANSITIONS:
      010
      001

   INCOMING TRANSITIONS:
      001
      100


010 : FSM STATE NOT REACHABLE FROM OUTSIDE.

   OUTGOING TRANSITIONS:
      100
      010

   INCOMING TRANSITIONS:
      001
      010


100 : FSM STATE NOT REACHABLE FROM OUTSIDE.

   OUTGOING TRANSITIONS:
      001

   INCOMING TRANSITIONS:
      010


FSM 1 : VALID TRANSITION GRAPH

001 : STATE IS REACHABLE FROM OUTSIDE.

   OUTGOING TRANSITIONS:
      010
      001

   INCOMING TRANSITIONS:
      001
      100


010 : FSM STATE NOT REACHABLE FROM OUTSIDE.

   OUTGOING TRANSITIONS:
      100
      010

   INCOMING TRANSITIONS:
      001
      010


100 : FSM STATE NOT REACHABLE FROM OUTSIDE.

   OUTGOING TRANSITIONS:
      001

   INCOMING TRANSITIONS:
      010


FSM 1 : VALID TRANSITION GRAPH

001 : STATE IS REACHABLE FROM OUTSIDE.

   OUTGOING TRANSITIONS:
      010
      001

   INCOMING TRANSITIONS:
      001
      100


010 : FSM STATE NOT REACHABLE FROM OUTSIDE.

   OUTGOING TRANSITIONS:
      100
      010

   INCOMING TRANSITIONS:
      001
      010


100 : FSM STATE NOT REACHABLE FROM OUTSIDE.

   OUTGOING TRANSITIONS:
      001

   INCOMING TRANSITIONS:
      010


FSM 1 : VALID TRANSITION GRAPH

001 : STATE IS REACHABLE FROM OUTSIDE.

   OUTGOING TRANSITIONS:
      010
      001

   INCOMING TRANSITIONS:
      001
      100


010 : FSM STATE NOT REACHABLE FROM OUTSIDE.

   OUTGOING TRANSITIONS:
      100
      010

   INCOMING TRANSITIONS:
      001
      010


100 : FSM STATE NOT REACHABLE FROM OUTSIDE.

   OUTGOING TRANSITIONS:
      001

   INCOMING TRANSITIONS:
      010


FSM 1 : VALID TRANSITION GRAPH

1000 : FSM STATE NOT REACHABLE FROM OUTSIDE.

   OUTGOING TRANSITIONS:
      0010

   INCOMING TRANSITIONS:
      0100


0001 : STATE IS REACHABLE FROM OUTSIDE.

   OUTGOING TRANSITIONS:
      0010


0010 : FSM STATE NOT REACHABLE FROM OUTSIDE.

   OUTGOING TRANSITIONS:
      0100

   INCOMING TRANSITIONS:
      0001
      1000


0100 : FSM STATE NOT REACHABLE FROM OUTSIDE.

   OUTGOING TRANSITIONS:
      1000

   INCOMING TRANSITIONS:
      0010


FSM 1 : VALID TRANSITION GRAPH

1000 : FSM STATE NOT REACHABLE FROM OUTSIDE.

   OUTGOING TRANSITIONS:
      0010

   INCOMING TRANSITIONS:
      0100


0001 : STATE IS REACHABLE FROM OUTSIDE.

   OUTGOING TRANSITIONS:
      0010


0010 : FSM STATE NOT REACHABLE FROM OUTSIDE.

   OUTGOING TRANSITIONS:
      0100

   INCOMING TRANSITIONS:
      0001
      1000


0100 : FSM STATE NOT REACHABLE FROM OUTSIDE.

   OUTGOING TRANSITIONS:
      1000

   INCOMING TRANSITIONS:
      0010


FSM 1 : VALID TRANSITION GRAPH

1000 : FSM STATE NOT REACHABLE FROM OUTSIDE.

   OUTGOING TRANSITIONS:
      0010

   INCOMING TRANSITIONS:
      0100


0001 : STATE IS REACHABLE FROM OUTSIDE.

   OUTGOING TRANSITIONS:
      0010


0010 : FSM STATE NOT REACHABLE FROM OUTSIDE.

   OUTGOING TRANSITIONS:
      0100

   INCOMING TRANSITIONS:
      0001
      1000


0100 : FSM STATE NOT REACHABLE FROM OUTSIDE.

   OUTGOING TRANSITIONS:
      1000

   INCOMING TRANSITIONS:
      0010


