#-----------------------------------------------------------
# Vivado v2019.1 (64-bit)
# SW Build 2552052 on Fri May 24 14:49:42 MDT 2019
# IP Build 2548770 on Fri May 24 18:01:18 MDT 2019
# Start of session at: Mon Oct 18 11:52:14 2021
# Process ID: 19360
# Current directory: C:/Users/OAkun/Documents/GitHub/SystemVerilogExamples/Code/UniversalShiftRegisterFolder/UniversalShiftRegsiter
# Command line: vivado.exe -gui_launcher_event rodinguilauncherevent14772 C:\Users\OAkun\Documents\GitHub\SystemVerilogExamples\Code\UniversalShiftRegisterFolder\UniversalShiftRegsiter\UniversalShiftRegsiter.xpr
# Log file: C:/Users/OAkun/Documents/GitHub/SystemVerilogExamples/Code/UniversalShiftRegisterFolder/UniversalShiftRegsiter/vivado.log
# Journal file: C:/Users/OAkun/Documents/GitHub/SystemVerilogExamples/Code/UniversalShiftRegisterFolder/UniversalShiftRegsiter\vivado.jou
#-----------------------------------------------------------
start_gui
open_project C:/Users/OAkun/Documents/GitHub/SystemVerilogExamples/Code/UniversalShiftRegisterFolder/UniversalShiftRegsiter/UniversalShiftRegsiter.xpr
INFO: [ProjectBase 1-489] The host OS only allows 260 characters in a normal path. The project is stored in a path with more than 80 characters. If you experience issues with IP, Block Designs, or files not being found, please consider moving the project to a location with a shorter path. Alternately consider using the OS subst command to map part of the path to a drive letter.
Current project path is 'C:/Users/OAkun/Documents/GitHub/SystemVerilogExamples/Code/UniversalShiftRegisterFolder/UniversalShiftRegsiter'
INFO: [Project 1-313] Project file moved from 'C:/Users/OAkun/UniversalShiftRegsiter' since last save.
Scanning sources...
Finished scanning sources
INFO: [filemgmt 56-1] Board Part Repository Path: Directory not found as 'C:/Users/OAkun/Documents/GitHub/SystemVerilogExamples/Code/UniversalShiftRegisterFolder/AppData/Roaming/Xilinx/Vivado/2019.1/xhub/board_store'; using path 'C:/Users/OAkun/AppData/Roaming/Xilinx/Vivado/2019.1/xhub/board_store' instead.
INFO: [IP_Flow 19-234] Refreshing IP repositories
INFO: [IP_Flow 19-1704] No user IP repositories specified
INFO: [IP_Flow 19-2313] Loaded Vivado IP repository 'C:/Xilinx/Vivado/2019.1/data/ip'.
open_project: Time (s): cpu = 00:00:16 ; elapsed = 00:00:10 . Memory (MB): peak = 869.727 ; gain = 232.078
update_compile_order -fileset sources_1
reset_run synth_1
launch_runs impl_1 -to_step write_bitstream -jobs 4
[Mon Oct 18 12:26:01 2021] Launched synth_1...
Run output will be captured here: C:/Users/OAkun/Documents/GitHub/SystemVerilogExamples/Code/UniversalShiftRegisterFolder/UniversalShiftRegsiter/UniversalShiftRegsiter.runs/synth_1/runme.log
[Mon Oct 18 12:26:02 2021] Launched impl_1...
Run output will be captured here: C:/Users/OAkun/Documents/GitHub/SystemVerilogExamples/Code/UniversalShiftRegisterFolder/UniversalShiftRegsiter/UniversalShiftRegsiter.runs/impl_1/runme.log
open_hw
connect_hw_server -url localhost:3121
INFO: [Labtools 27-2285] Connecting to hw_server url TCP:localhost:3121
INFO: [Labtools 27-2222] Launching hw_server...
INFO: [Labtools 27-2221] Launch Output:

****** Xilinx hw_server v2019.1
  **** Build date : May 24 2019 at 15:13:31
    ** Copyright 1986-2019 Xilinx, Inc. All Rights Reserved.


current_hw_target [get_hw_targets */xilinx_tcf/Digilent/210292A8AD8EA]
set_property PARAM.FREQUENCY 15000000 [get_hw_targets */xilinx_tcf/Digilent/210292A8AD8EA]
open_hw_target
INFO: [Labtoolstcl 44-466] Opening hw_target localhost:3121/xilinx_tcf/Digilent/210292A8AD8EA
set_property PROGRAM.FILE {C:/Users/OAkun/Documents/GitHub/SystemVerilogExamples/Code/UniversalShiftRegisterFolder/UniversalShiftRegsiter/UniversalShiftRegsiter.runs/impl_1/UniversalShiftRegisterTopModule.bit} [get_hw_devices xc7a100t_0]
current_hw_device [get_hw_devices xc7a100t_0]
refresh_hw_device -update_hw_probes false [lindex [get_hw_devices xc7a100t_0] 0]
INFO: [Labtools 27-1435] Device xc7a100t (JTAG device index = 0) is not programmed (DONE status = 0).
set_property PROBES.FILE {} [get_hw_devices xc7a100t_0]
set_property FULL_PROBES.FILE {} [get_hw_devices xc7a100t_0]
set_property PROGRAM.FILE {C:/Users/OAkun/Documents/GitHub/SystemVerilogExamples/Code/UniversalShiftRegisterFolder/UniversalShiftRegsiter/UniversalShiftRegsiter.runs/impl_1/UniversalShiftRegisterTopModule.bit} [get_hw_devices xc7a100t_0]
program_hw_devices [get_hw_devices xc7a100t_0]
INFO: [Labtools 27-3164] End of startup status: HIGH
refresh_hw_device [lindex [get_hw_devices xc7a100t_0] 0]
INFO: [Labtools 27-1434] Device xc7a100t (JTAG device index = 0) is programmed with a design that has no supported debug core(s) in it.
